C51 COMPILER V9.54   FLOW_LIGHT                                                            01/11/2024 19:24:04 PAGE 1   


C51 COMPILER V9.54, COMPILATION OF MODULE FLOW_LIGHT
OBJECT MODULE PLACED IN .\Objects\flow-light.obj
COMPILER INVOKED BY: F:\ruanjian\Keil5\C51\BIN\C51.EXE flow-light.c OPTIMIZE(8,SPEED) BROWSE DEBUG OBJECTEXTEND PRINT(.\
                    -Listings\flow-light.lst) TABS(2) OBJECT(.\Objects\flow-light.obj)

line level    source

   1          #include "flow-light.h"
   2          uint i;
   3          uint key;
   4          //流水灯代码
   5          void flow_light(){
   6   1        while(1)
   7   1        {
   8   2          P0=0xfe;
   9   2          //四个灯循环亮起
  10   2          for(i=4;i>0;i--){
  11   3            delay(500);
  12   3            P0=_crol_(P0,1);
  13   3          }
  14   2        }
  15   1      }
  16          
  17          //两位数码管代码
  18          void Seg_2(){
  19   1        //使用时，需先将P0、P1口预处理
  20   1        G1=1;
  21   1        G2=0;
  22   1        while(1){
  23   2          P0=shuzi[i];
  24   2          i++;
  25   2          delay(500);
  26   2          if(i>15) i=0;
  27   2        }
  28   1      }
  29          //指定显示数字
  30          void Seg_1(unsigned char k){
*** WARNING C235 IN LINE 30 OF flow-light.c: parameter 1: different types
  31   1        //使用时，需先将P0、P1口预处理
  32   1        G1=1;
  33   1        G2=0;
  34   1        P0=shuzi[k];
  35   1        delay(500);
  36   1      }
  37          
  38          //矩阵键盘的代码
  39          unsigned char Button_0(){
  40   1        unsigned char key_value = 0xff; // 默认无按键按下
  41   1        P0=key_value;
  42   1        // 第一行
  43   1        row1 = 0; delay(5);
  44   1        if (col1 == 0) key_value = 1;
  45   1        if (col2 == 0) key_value = 2;
  46   1        if (col3 == 0) key_value = 3;
  47   1        row1 = 1;
  48   1        
  49   1        // 第二行
  50   1        row2 = 0; delay(5);
  51   1        if (col1 == 0) key_value = 4;
  52   1        if (col2 == 0) key_value = 5;
  53   1        if (col3 == 0) key_value = 6;
C51 COMPILER V9.54   FLOW_LIGHT                                                            01/11/2024 19:24:04 PAGE 2   

  54   1        row2 = 1;
  55   1        
  56   1        // 第三行
  57   1        row3 = 0; delay(5);
  58   1        if (col1 == 0) key_value = 7;
  59   1        if (col2 == 0) key_value = 8;
  60   1        if (col3 == 0) key_value = 9;
  61   1        row3 = 1;
  62   1        
  63   1        return key_value;
  64   1      }


MODULE INFORMATION:   STATIC OVERLAYABLE
   CODE SIZE        =    209    ----
   CONSTANT SIZE    =   ----    ----
   XDATA SIZE       =   ----    ----
   PDATA SIZE       =   ----    ----
   DATA SIZE        =      4       1
   IDATA SIZE       =   ----    ----
   BIT SIZE         =   ----    ----
END OF MODULE INFORMATION.


C51 COMPILATION COMPLETE.  1 WARNING(S),  0 ERROR(S)
