C51 COMPILER V9.54   I2C                                                                   01/04/2024 22:13:32 PAGE 1   


C51 COMPILER V9.54, COMPILATION OF MODULE I2C
OBJECT MODULE PLACED IN .\Objects\i2c.obj
COMPILER INVOKED BY: F:\ruanjian\Keil5\C51\BIN\C51.EXE i2c.c OPTIMIZE(8,SPEED) BROWSE DEBUG OBJECTEXTEND PRINT(.\Listing
                    -s\i2c.lst) TABS(2) OBJECT(.\Objects\i2c.obj)

line level    source

   1          #include "i2c.h"
   2          //延迟函数   
   3          void Delay5us()
   4          {
   5   1          unsigned char n = 4;
   6   1      
   7   1          while (n--)
   8   1          {
   9   2              _nop_();
  10   2              _nop_();
  11   2          }
  12   1      }
  13          
  14          //I2C开始
  15          void I2C_Start()
  16          {
  17   1          SDA = 1;                    //拉高数据线
  18   1          SCL = 1;                    //拉高时钟线
  19   1          Delay5us();                 //延时
  20   1          SDA = 0;                    //产生下降沿
  21   1          Delay5us();                 //延时
  22   1          SCL = 0;                    //拉低时钟线
  23   1      }
  24          
  25          //I2C停止
  26          void I2C_Stop()
  27          {
  28   1          SDA = 0;                    //拉低数据线
  29   1          SCL = 1;                    //拉高时钟线
  30   1          Delay5us();                 //延时
  31   1          SDA = 1;                    //产生上升沿
  32   1          Delay5us();                 //延时
  33   1      }
  34          
  35          //I2C发送应答信号
  36          void I2C_SendACK(bit ack)
  37          {
  38   1          SDA = ack;                  //写应答信号
  39   1          SCL = 1;                    //拉高时钟线
  40   1          Delay5us();                 //延时
  41   1          SCL = 0;                    //拉低时钟线
  42   1          Delay5us();                 //延时
  43   1      }
  44          
  45          //I2C接收应答信号
  46          bit I2C_RecvACK()
  47          {
  48   1          SCL = 1;                    //拉高时钟线
  49   1          Delay5us();                 //延时
  50   1          CY = SDA;                   //读应答信号
  51   1          SCL = 0;                    //拉低时钟线
  52   1          Delay5us();                 //延时
  53   1          return CY;
  54   1      }
C51 COMPILER V9.54   I2C                                                                   01/04/2024 22:13:32 PAGE 2   

  55          
  56          /***************************************************************
  57          ** 函数名称: I2C_SendByte
  58          ** 功能描述: 向I2C总线发送一个字节数据
  59          ** 输　入:   
  60          ** 输　出:   
  61          ** 全局变量: 
  62          ***************************************************************/
  63          void I2C_SendByte(unsigned char dat)
  64          {
  65   1          unsigned char i;
  66   1          for (i=0; i<8; i++)         //8位计数器
  67   1          {
  68   2              dat <<= 1;              //移出数据的最高位
  69   2              SDA = CY;               //送数据口
  70   2              SCL = 1;                //拉高时钟线
  71   2              Delay5us();             //延时
  72   2              SCL = 0;                //拉低时钟线
  73   2              Delay5us();             //延时
  74   2          }
  75   1          I2C_RecvACK();
  76   1      }
  77          
  78          /***************************************************************
  79          ** 函数名称: I2C_RecvByte
  80          ** 功能描述: 从I2C总线接收一个字节数据
  81          ** 输　入:   
  82          ** 输　出:   
  83          ** 全局变量: 
  84          ***************************************************************/
  85          unsigned char I2C_RecvByte()
  86          {
  87   1          unsigned i;
  88   1          unsigned char dat = 0;
  89   1          SDA = 1;                    //使能内部上拉,准备读取数据,
  90   1          for (i=0; i<8; i++)         //8位计数器
  91   1          {
  92   2              dat <<= 1;
  93   2              SCL = 1;                //拉高时钟线
  94   2              Delay5us();             //延时
  95   2              dat |= SDA;             //读数据               
  96   2              SCL = 0;                //拉低时钟线
  97   2              Delay5us();             //延时
  98   2          }
  99   1          return dat;
 100   1      }
 101          
 102          
 103          /***************************************************************
 104          ** 函数名称: Single_WriteI2C
 105          ** 功能描述: 向I2C设备写入一个字节数据
 106          ** 输　入:   
 107          ** 输　出:   
 108          ** 全局变量: 
 109          ***************************************************************/
 110          void Single_WriteI2C(unsigned char REG_Address,unsigned char REG_data)
 111          {
 112   1          I2C_Start();                  //起始信号
 113   1          I2C_SendByte(SlaveAddress);   //发送设备地址+写信号
 114   1          I2C_SendByte(REG_Address);    //内部寄存器地址
 115   1          I2C_SendByte(REG_data);       //内部寄存器数据
 116   1          I2C_Stop();                   //发送停止信号
C51 COMPILER V9.54   I2C                                                                   01/04/2024 22:13:32 PAGE 3   

 117   1      }
 118          
 119          
 120          /***************************************************************
 121          ** 函数名称: Single_ReadI2C
 122          ** 功能描述: 从I2C设备读取一个字节数据
 123          ** 输　入:   
 124          ** 输　出:   
 125          ** 全局变量: 
 126          ***************************************************************/
 127          unsigned char Single_ReadI2C(unsigned char REG_Address)
 128          {
 129   1        unsigned char REG_data;
 130   1        I2C_Start();                   //起始信号
 131   1        I2C_SendByte(SlaveAddress);    //发送设备地址+写信号
 132   1        I2C_SendByte(REG_Address);     //发送存储单元地址，从0开始  
 133   1        I2C_Start();                   //起始信号
 134   1        I2C_SendByte(SlaveAddress+1);  //发送设备地址+读信号
 135   1        REG_data=I2C_RecvByte();       //读出寄存器数据
 136   1        I2C_SendACK(1);                //接收应答信号
 137   1        I2C_Stop();                    //停止信号
 138   1        return REG_data;
 139   1      }
 140          
 141          
 142          


MODULE INFORMATION:   STATIC OVERLAYABLE
   CODE SIZE        =    198    ----
   CONSTANT SIZE    =   ----    ----
   XDATA SIZE       =   ----    ----
   PDATA SIZE       =   ----    ----
   DATA SIZE        =   ----    ----
   IDATA SIZE       =   ----    ----
   BIT SIZE         =   ----       1
END OF MODULE INFORMATION.


C51 COMPILATION COMPLETE.  0 WARNING(S),  0 ERROR(S)
