C51 COMPILER V9.54   LCD1602                                                               01/11/2024 19:24:04 PAGE 1   


C51 COMPILER V9.54, COMPILATION OF MODULE LCD1602
OBJECT MODULE PLACED IN .\Objects\LCD1602.obj
COMPILER INVOKED BY: F:\ruanjian\Keil5\C51\BIN\C51.EXE LCD1602.c OPTIMIZE(8,SPEED) BROWSE DEBUG OBJECTEXTEND PRINT(.\Lis
                    -tings\LCD1602.lst) TABS(2) OBJECT(.\Objects\LCD1602.obj)

line level    source

   1          #include "LCD1602.h"
   2          #define uint unsigned int
   3          #define uchar unsigned char
   4           
   5          void LCD_Delay()    //LCD1602延时函数
   6          {
   7   1        unsigned char i, j;
   8   1       
   9   1        i = 2;
  10   1        j = 239;
  11   1        do
  12   1        {
  13   2          while (--j);
  14   2        } while (--i);
  15   1      }
  16            
  17          void LCD_WriteCommand(unsigned char Command)  //LCD写命令函数
  18          {
  19   1        LCD_E=0;
  20   1        LCD_RS=0;
  21   1        P0=Command;
  22   1        LCD_E=1;
  23   1        LCD_Delay();
  24   1        LCD_E=0;
  25   1        LCD_Delay();
  26   1      }
  27           
  28          void LCD_WriteData(unsigned char Data)  //LCD写数据函数
  29          {
  30   1        LCD_E=0;
  31   1        LCD_RS=1;
  32   1        P0=Data;
  33   1        LCD_E=1;
  34   1        LCD_Delay();
  35   1        LCD_E=0;
  36   1        LCD_Delay();
  37   1      }
  38          //LCD初始化函数 
  39          void LCD_Init(void){
  40   1        //LCD_RW=0;
  41   1        LCD_E=0;
  42   1        LCD_WriteCommand(0x38);
  43   1        LCD_WriteCommand(0x0C);
  44   1        LCD_WriteCommand(0x01);
  45   1      }
  46          
  47          void LCD_Post(int X,int Y){     
  48   1        LCD_WriteCommand(0x80+X*(0x40)+Y);
  49   1      }
  50          
  51          void LCD_Dis_Str(uchar x, uchar y, uchar *str)
  52          {
  53   1        if(y) x |= 0x40;
  54   1        x |= 0x80;
C51 COMPILER V9.54   LCD1602                                                               01/11/2024 19:24:04 PAGE 2   

  55   1        LCD_WriteCommand(x);
  56   1        while(*str != '\0')
  57   1        {
  58   2          LCD_WriteData(*str++);
  59   2        }
  60   1      }
  61          
  62          void Delay_2us(void)  //延时2us
  63          {
  64   1        _nop_();
  65   1        _nop_();
  66   1      }


MODULE INFORMATION:   STATIC OVERLAYABLE
   CODE SIZE        =    122    ----
   CONSTANT SIZE    =   ----    ----
   XDATA SIZE       =   ----    ----
   PDATA SIZE       =   ----    ----
   DATA SIZE        =   ----       3
   IDATA SIZE       =   ----    ----
   BIT SIZE         =   ----    ----
END OF MODULE INFORMATION.


C51 COMPILATION COMPLETE.  0 WARNING(S),  0 ERROR(S)
