C51 COMPILER V9.54   MOTOR                                                                 01/11/2024 19:24:03 PAGE 1   


C51 COMPILER V9.54, COMPILATION OF MODULE MOTOR
OBJECT MODULE PLACED IN .\Objects\motor.obj
COMPILER INVOKED BY: F:\ruanjian\Keil5\C51\BIN\C51.EXE motor.c OPTIMIZE(8,SPEED) BROWSE DEBUG OBJECTEXTEND PRINT(.\Listi
                    -ngs\motor.lst) TABS(2) OBJECT(.\Objects\motor.obj)

line level    source

   1          #include "motor.h"
   2          
   3          //품쏵
   4          void run(){
   5   1        Left_moto_go;
   6   1        Right_moto_go;
   7   1      }
   8          //빈藁
   9          void back(){
  10   1        Left_moto_back;
  11   1        Right_moto_back;
  12   1      }
  13          //界났
  14          void stop(){
  15   1        Left_moto_Stop;
  16   1        Right_moto_Stop;
  17   1      }
  18          //璘瘻
  19          void left(){
  20   1        Left_moto_back;
  21   1        Right_moto_go;
  22   1      }
  23          //塘瘻
  24          void right(){
  25   1        Left_moto_go;
  26   1        Right_moto_back;
  27   1      }


MODULE INFORMATION:   STATIC OVERLAYABLE
   CODE SIZE        =     45    ----
   CONSTANT SIZE    =   ----    ----
   XDATA SIZE       =   ----    ----
   PDATA SIZE       =   ----    ----
   DATA SIZE        =   ----    ----
   IDATA SIZE       =   ----    ----
   BIT SIZE         =   ----    ----
END OF MODULE INFORMATION.


C51 COMPILATION COMPLETE.  0 WARNING(S),  0 ERROR(S)
