C51 COMPILER V9.54   MPU6050                                                               01/02/2024 15:07:20 PAGE 1   


C51 COMPILER V9.54, COMPILATION OF MODULE MPU6050
OBJECT MODULE PLACED IN .\Objects\MPU6050.obj
COMPILER INVOKED BY: F:\ruanjian\Keil5\C51\BIN\C51.EXE MPU6050.c OPTIMIZE(8,SPEED) BROWSE DEBUG OBJECTEXTEND PRINT(.\Lis
                    -tings\MPU6050.lst) TABS(2) OBJECT(.\Objects\MPU6050.obj)

line level    source

   1          #include "mpu6050.h"
   2          
   3          /***************************************************************
   4          ** 函数名称: MPU6050Init
   5          ** 功能描述: MPU6050初始化函数
   6          ** 输　入:   
   7          ** 输　出:   
   8          ** 全局变量: 
   9          ***************************************************************/
  10          void MPU6050Init(void)
  11          {
  12   1        Single_WriteI2C(PWR_MGMT_1, 0x00)  ; //解除休眠状态
  13   1        Single_WriteI2C(SMPLRT_DIV, 0x07)  ;
  14   1        Single_WriteI2C(CONFIG, 0x06)      ;
  15   1        Single_WriteI2C(GYRO_CONFIG, 0x18) ;
  16   1        Single_WriteI2C(ACCEL_CONFIG, 0x01);
  17   1      }
  18          
  19          
  20          
  21          
  22          
  23          
  24          
  25          


MODULE INFORMATION:   STATIC OVERLAYABLE
   CODE SIZE        =     35    ----
   CONSTANT SIZE    =   ----    ----
   XDATA SIZE       =   ----    ----
   PDATA SIZE       =   ----    ----
   DATA SIZE        =   ----    ----
   IDATA SIZE       =   ----    ----
   BIT SIZE         =   ----    ----
END OF MODULE INFORMATION.


C51 COMPILATION COMPLETE.  0 WARNING(S),  0 ERROR(S)
