C51 COMPILER V9.54   UART                                                                  01/11/2024 19:24:04 PAGE 1   


C51 COMPILER V9.54, COMPILATION OF MODULE UART
OBJECT MODULE PLACED IN .\Objects\uart.obj
COMPILER INVOKED BY: F:\ruanjian\Keil5\C51\BIN\C51.EXE uart.c OPTIMIZE(8,SPEED) BROWSE DEBUG OBJECTEXTEND PRINT(.\Listin
                    -gs\uart.lst) TABS(2) OBJECT(.\Objects\uart.obj)

line level    source

   1          #include "uart.h"
   2          #include "reg51.h"
   3          #include "motor.h"
   4          void UartConfiguration()  
   5          {
   6   1          TMOD=0x20;      //设置计数器1的工作方式2
   7   1          TH1=0xfd;     //设置计数器1的初值，决定波特率
   8   1          TL1=0xfd;   //设置计数器1的初值，决定波特率
   9   1          PCON=0x00;      // 波特率倍增0x00不加倍  0x80加倍
  10   1          SCON=0x50;    //设置工作方式1 开启接受允许
  11   1          EA=1;       //开启总中断
  12   1          ES=1;     //开启串口接受中断
  13   1          TR1=1;      //计数器1开始运行
  14   1      }
  15          


MODULE INFORMATION:   STATIC OVERLAYABLE
   CODE SIZE        =     22    ----
   CONSTANT SIZE    =   ----    ----
   XDATA SIZE       =   ----    ----
   PDATA SIZE       =   ----    ----
   DATA SIZE        =   ----    ----
   IDATA SIZE       =   ----    ----
   BIT SIZE         =   ----    ----
END OF MODULE INFORMATION.


C51 COMPILATION COMPLETE.  0 WARNING(S),  0 ERROR(S)
